<?xml version="1.0" encoding="UTF-8"?>
<!-- Generated by org.testng.reporters.JUnitXMLReporter -->
<testsuite ignored="1" hostname="DESKTOP-7E4CTQE" failures="0" tests="3" name="Test" time="0.057" errors="0" timestamp="2021-08-27T00:35:17 IST">
  <testcase classname="opack.test2" name="testtwo" time="0.007"/>
  <testcase classname="mapck.test3" name="testthree" time="0.002"/>
  <testcase classname="opack.test1" name="testone" time="0.003"/>
  <testcase classname="mapck.test4" name="testfour" time="0.0">
    <ignored/>
  </testcase> <!-- testfour -->
</testsuite> <!-- Test -->
