<?xml version="1.0" encoding="UTF-8"?>
<testng-results ignored="0" total="1" passed="1" failed="0" skipped="0">
  <reporter-output>
  </reporter-output>
  <suite started-at="2021-09-12T01:55:09 IST" name="Default suite" finished-at="2021-09-12T01:55:22 IST" duration-ms="13665">
    <groups>
    </groups>
    <test started-at="2021-09-12T01:55:09 IST" name="Default test" finished-at="2021-09-12T01:55:22 IST" duration-ms="13665">
      <class name="pomfactory.test">
        <test-method signature="test()[pri:0, instance:pomfactory.test@6a6afff2]" started-at="2021-09-12T01:55:09 IST" name="test" finished-at="2021-09-12T01:55:22 IST" duration-ms="13610" status="PASS">
          <reporter-output>
          </reporter-output>
        </test-method> <!-- test -->
      </class> <!-- pomfactory.test -->
    </test> <!-- Default test -->
  </suite> <!-- Default suite -->
</testng-results>
